<?xml version="1.0" encoding="UTF-8"?>
<!-- Generated by org.testng.reporters.JUnitReportReporter -->
<testsuite hostname="dell" failures="0" tests="3" name="test.BasicValidation" time="0.147" errors="0" timestamp="2025-08-10T13:20:26 IST" skipped="0">
  <testcase classname="test.BasicValidation" name="emailTextBoxPlaceholderValidation" time="0.034">
    <system-out>
      <![CDATA[Expected Result =  Email address or phone number
Actual Result = Email address or phone number]]>
    </system-out>
  </testcase> <!-- emailTextBoxPlaceholderValidation -->
  <testcase classname="test.BasicValidation" name="WelcomeMessageValidation" time="0.087">
    <system-out>
      <![CDATA[Expected Result=Facebook helps you connect and share with the people in your life.
Actual Result=Facebook helps you connect and share with the people in your life.]]>
    </system-out>
  </testcase> <!-- WelcomeMessageValidation -->
  <testcase classname="test.BasicValidation" name="passwordTextBoxPlaceholderValidation" time="0.026">
    <system-out>
      <![CDATA[Expected Result =  Password
Actual Result = Password]]>
    </system-out>
  </testcase> <!-- passwordTextBoxPlaceholderValidation -->
  <system-out>
    <![CDATA[Expected Result=Facebook helps you connect and share with the people in your life.
Actual Result=Facebook helps you connect and share with the people in your life.
Expected Result =  Email address or phone number
Actual Result = Email address or phone number
Expected Result =  Password
Actual Result = Password]]>
  </system-out>
</testsuite> <!-- test.BasicValidation -->
